{
  "numFailedTestSuites": 0,
  "numFailedTests": 0,
  "numPassedTestSuites": 8,
  "numPassedTests": 32,
  "numPendingTestSuites": 0,
  "numPendingTests": 0,
  "numRuntimeErrorTestSuites": 0,
  "numTotalTestSuites": 8,
  "numTotalTests": 32,
  "openHandles": [],
  "snapshot": {
    "added": 0,
    "didUpdate": false,
    "failure": false,
    "filesAdded": 0,
    "filesRemoved": 0,
    "filesUnmatched": 0,
    "filesUpdated": 0,
    "matched": 4,
    "total": 4,
    "unchecked": 0,
    "uncheckedKeysByFile": [],
    "unmatched": 0,
    "updated": 0
  },
  "startTime": 1553326991151,
  "success": true,
  "testResults": [
    {
      "console": [],
      "failureMessage": null,
      "numFailingTests": 0,
      "numPassingTests": 7,
      "numPendingTests": 0,
      "perfStats": {
        "end": 1553326993027,
        "start": 1553326992082
      },
      "snapshot": {
        "added": 0,
        "fileDeleted": false,
        "matched": 1,
        "unchecked": 0,
        "unmatched": 0,
        "updated": 0,
        "uncheckedKeys": []
      },
      "testFilePath": "/BAR/WORKSPACE/CODESPACE/REACT/REPO/session_12/testing-app/src/components/MyComponent/tests/index.test.js",
      "testResults": [
        {
          "ancestorTitles": [
            "MyComponent snapshot"
          ],
          "duration": 9,
          "failureMessages": [],
          "fullName": "MyComponent snapshot should render correctly",
          "location": null,
          "numPassingAsserts": 0,
          "status": "passed",
          "title": "should render correctly"
        },
        {
          "ancestorTitles": [
            "MyComponent snapshot"
          ],
          "duration": 8,
          "failureMessages": [],
          "fullName": "MyComponent snapshot should render initial layout",
          "location": null,
          "numPassingAsserts": 0,
          "status": "passed",
          "title": "should render initial layout"
        },
        {
          "ancestorTitles": [
            "MyComponent"
          ],
          "duration": 2,
          "failureMessages": [],
          "fullName": "MyComponent should initialize component state",
          "location": null,
          "numPassingAsserts": 0,
          "status": "passed",
          "title": "should initialize component state"
        },
        {
          "ancestorTitles": [
            "MyComponent"
          ],
          "duration": 8,
          "failureMessages": [],
          "fullName": "MyComponent should create an entry in component state",
          "location": null,
          "numPassingAsserts": 0,
          "status": "passed",
          "title": "should create an entry in component state"
        },
        {
          "ancestorTitles": [
            "MyComponent"
          ],
          "duration": 4,
          "failureMessages": [],
          "fullName": "MyComponent should create an entry in component state with the event value",
          "location": null,
          "numPassingAsserts": 0,
          "status": "passed",
          "title": "should create an entry in component state with the event value"
        },
        {
          "ancestorTitles": [
            "MyComponent"
          ],
          "duration": 1,
          "failureMessages": [],
          "fullName": "MyComponent render a document title",
          "location": null,
          "numPassingAsserts": 0,
          "status": "passed",
          "title": "render a document title"
        },
        {
          "ancestorTitles": [
            "MyComponent"
          ],
          "duration": 4,
          "failureMessages": [],
          "fullName": "MyComponent render expected classNames",
          "location": null,
          "numPassingAsserts": 0,
          "status": "passed",
          "title": "render expected classNames"
        }
      ],
      "sourceMaps": {},
      "skipped": false,
      "leaks": false
    },
    {
      "console": [],
      "failureMessage": null,
      "numFailingTests": 0,
      "numPassingTests": 1,
      "numPendingTests": 0,
      "perfStats": {
        "end": 1553326993155,
        "start": 1553326992121
      },
      "snapshot": {
        "added": 0,
        "fileDeleted": false,
        "matched": 0,
        "unchecked": 0,
        "unmatched": 0,
        "updated": 0,
        "uncheckedKeys": []
      },
      "testFilePath": "/BAR/WORKSPACE/CODESPACE/REACT/REPO/session_12/testing-app/src/components/SimpleComponent/tests/index.test.js",
      "testResults": [
        {
          "ancestorTitles": [
            "SimpleComponent"
          ],
          "duration": 10,
          "failureMessages": [],
          "fullName": "SimpleComponent should render my component",
          "location": null,
          "numPassingAsserts": 0,
          "status": "passed",
          "title": "should render my component"
        }
      ],
      "sourceMaps": {},
      "skipped": false,
      "leaks": false
    },
    {
      "console": [],
      "failureMessage": null,
      "numFailingTests": 0,
      "numPassingTests": 4,
      "numPendingTests": 0,
      "perfStats": {
        "end": 1553326993165,
        "start": 1553326992116
      },
      "snapshot": {
        "added": 0,
        "fileDeleted": false,
        "matched": 1,
        "unchecked": 0,
        "unmatched": 0,
        "updated": 0,
        "uncheckedKeys": []
      },
      "testFilePath": "/BAR/WORKSPACE/CODESPACE/REACT/REPO/session_12/testing-app/src/components/ListItem/tests/intex.test.js",
      "testResults": [
        {
          "ancestorTitles": [
            "ListItem basics"
          ],
          "duration": 9,
          "failureMessages": [],
          "fullName": "ListItem basics should render correctly",
          "location": null,
          "numPassingAsserts": 0,
          "status": "passed",
          "title": "should render correctly"
        },
        {
          "ancestorTitles": [
            "ListItem basics"
          ],
          "duration": 8,
          "failureMessages": [],
          "fullName": "ListItem basics should match snapshot",
          "location": null,
          "numPassingAsserts": 0,
          "status": "passed",
          "title": "should match snapshot"
        },
        {
          "ancestorTitles": [
            "ListItem structure"
          ],
          "duration": 8,
          "failureMessages": [],
          "fullName": "ListItem structure should have a li",
          "location": null,
          "numPassingAsserts": 0,
          "status": "passed",
          "title": "should have a li"
        },
        {
          "ancestorTitles": [
            "ListItem structure"
          ],
          "duration": 3,
          "failureMessages": [],
          "fullName": "ListItem structure should render prop item as a li element",
          "location": null,
          "numPassingAsserts": 0,
          "status": "passed",
          "title": "should render prop item as a li element"
        }
      ],
      "sourceMaps": {},
      "skipped": false,
      "leaks": false
    },
    {
      "console": [],
      "failureMessage": null,
      "numFailingTests": 0,
      "numPassingTests": 2,
      "numPendingTests": 0,
      "perfStats": {
        "end": 1553326993228,
        "start": 1553326992097
      },
      "snapshot": {
        "added": 0,
        "fileDeleted": false,
        "matched": 0,
        "unchecked": 0,
        "unmatched": 0,
        "updated": 0,
        "uncheckedKeys": []
      },
      "testFilePath": "/BAR/WORKSPACE/CODESPACE/REACT/REPO/session_12/testing-app/src/components/List/tests/index.test.js",
      "testResults": [
        {
          "ancestorTitles": [
            "Component tests"
          ],
          "duration": 69,
          "failureMessages": [],
          "fullName": "Component tests renders list-items",
          "location": null,
          "numPassingAsserts": 0,
          "status": "passed",
          "title": "renders list-items"
        },
        {
          "ancestorTitles": [
            "Component tests"
          ],
          "duration": 24,
          "failureMessages": [],
          "fullName": "Component tests renders list-items",
          "location": null,
          "numPassingAsserts": 0,
          "status": "passed",
          "title": "renders list-items"
        }
      ],
      "sourceMaps": {},
      "skipped": false,
      "leaks": false
    },
    {
      "console": [],
      "failureMessage": null,
      "numFailingTests": 0,
      "numPassingTests": 5,
      "numPendingTests": 0,
      "perfStats": {
        "end": 1553326993746,
        "start": 1553326992139
      },
      "snapshot": {
        "added": 0,
        "fileDeleted": false,
        "matched": 1,
        "unchecked": 0,
        "unmatched": 0,
        "updated": 0,
        "uncheckedKeys": []
      },
      "testFilePath": "/BAR/WORKSPACE/CODESPACE/REACT/REPO/session_12/testing-app/src/components/Counter/tests/index.test.js",
      "testResults": [
        {
          "ancestorTitles": [
            "Counter basics"
          ],
          "duration": 5,
          "failureMessages": [],
          "fullName": "Counter basics should render correctly",
          "location": null,
          "numPassingAsserts": 0,
          "status": "passed",
          "title": "should render correctly"
        },
        {
          "ancestorTitles": [
            "Counter basics"
          ],
          "duration": 4,
          "failureMessages": [],
          "fullName": "Counter basics should match snapshot",
          "location": null,
          "numPassingAsserts": 0,
          "status": "passed",
          "title": "should match snapshot"
        },
        {
          "ancestorTitles": [
            "Counter structure"
          ],
          "duration": 5,
          "failureMessages": [],
          "fullName": "Counter structure should have a button",
          "location": null,
          "numPassingAsserts": 0,
          "status": "passed",
          "title": "should have a button"
        },
        {
          "ancestorTitles": [
            "Counter behavior"
          ],
          "duration": 2,
          "failureMessages": [],
          "fullName": "Counter behavior should handle button click and update state",
          "location": null,
          "numPassingAsserts": 0,
          "status": "passed",
          "title": "should handle button click and update state"
        },
        {
          "ancestorTitles": [
            "Counter behavior"
          ],
          "duration": 2,
          "failureMessages": [],
          "fullName": "Counter behavior should render using state",
          "location": null,
          "numPassingAsserts": 0,
          "status": "passed",
          "title": "should render using state"
        }
      ],
      "sourceMaps": {},
      "skipped": false,
      "leaks": false
    },
    {
      "console": [],
      "failureMessage": null,
      "numFailingTests": 0,
      "numPassingTests": 8,
      "numPendingTests": 0,
      "perfStats": {
        "end": 1553326993809,
        "start": 1553326992089
      },
      "snapshot": {
        "added": 0,
        "fileDeleted": false,
        "matched": 1,
        "unchecked": 0,
        "unmatched": 0,
        "updated": 0,
        "uncheckedKeys": []
      },
      "testFilePath": "/BAR/WORKSPACE/CODESPACE/REACT/REPO/session_12/testing-app/src/components/ApiComponent/tests/index.test.js",
      "testResults": [
        {
          "ancestorTitles": [
            "ApiComponent basics"
          ],
          "duration": 6,
          "failureMessages": [],
          "fullName": "ApiComponent basics should render correctly",
          "location": null,
          "numPassingAsserts": 0,
          "status": "passed",
          "title": "should render correctly"
        },
        {
          "ancestorTitles": [
            "ApiComponent basics"
          ],
          "duration": 5,
          "failureMessages": [],
          "fullName": "ApiComponent basics should render initial layout",
          "location": null,
          "numPassingAsserts": 0,
          "status": "passed",
          "title": "should render initial layout"
        },
        {
          "ancestorTitles": [
            "ApiComponent basics"
          ],
          "duration": 1,
          "failureMessages": [],
          "fullName": "ApiComponent basics should NOT initialize component state",
          "location": null,
          "numPassingAsserts": 0,
          "status": "passed",
          "title": "should NOT initialize component state"
        },
        {
          "ancestorTitles": [
            "ApiComponent basics"
          ],
          "duration": 1,
          "failureMessages": [],
          "fullName": "ApiComponent basics receive props correctly",
          "location": null,
          "numPassingAsserts": 0,
          "status": "passed",
          "title": "receive props correctly"
        },
        {
          "ancestorTitles": [
            "ApiComponent event handling"
          ],
          "duration": 6,
          "failureMessages": [],
          "fullName": "ApiComponent event handling call API when button clicked",
          "location": null,
          "numPassingAsserts": 0,
          "status": "passed",
          "title": "call API when button clicked"
        },
        {
          "ancestorTitles": [
            "ApiComponent event handling"
          ],
          "duration": 1,
          "failureMessages": [],
          "fullName": "ApiComponent event handling call API when button clicked with correct params",
          "location": null,
          "numPassingAsserts": 0,
          "status": "passed",
          "title": "call API when button clicked with correct params"
        },
        {
          "ancestorTitles": [
            "ApiComponent state update"
          ],
          "duration": 1,
          "failureMessages": [],
          "fullName": "ApiComponent state update call API when button clicked set state to response",
          "location": null,
          "numPassingAsserts": 0,
          "status": "passed",
          "title": "call API when button clicked set state to response"
        },
        {
          "ancestorTitles": [
            "ApiComponent state update"
          ],
          "duration": 2,
          "failureMessages": [],
          "fullName": "ApiComponent state update call API when button clicked set state to response",
          "location": null,
          "numPassingAsserts": 0,
          "status": "passed",
          "title": "call API when button clicked set state to response"
        }
      ],
      "sourceMaps": {},
      "skipped": false,
      "leaks": false
    },
    {
      "console": [],
      "failureMessage": null,
      "numFailingTests": 0,
      "numPassingTests": 4,
      "numPendingTests": 0,
      "perfStats": {
        "end": 1553326993890,
        "start": 1553326993118
      },
      "snapshot": {
        "added": 0,
        "fileDeleted": false,
        "matched": 0,
        "unchecked": 0,
        "unmatched": 0,
        "updated": 0,
        "uncheckedKeys": []
      },
      "testFilePath": "/BAR/WORKSPACE/CODESPACE/REACT/REPO/session_12/testing-app/src/components/FullList/tests/index.test.js",
      "testResults": [
        {
          "ancestorTitles": [
            "FullList tests"
          ],
          "duration": 6,
          "failureMessages": [],
          "fullName": "FullList tests renders list-items",
          "location": null,
          "numPassingAsserts": 0,
          "status": "passed",
          "title": "renders list-items"
        },
        {
          "ancestorTitles": [
            "FullList tests"
          ],
          "duration": 1,
          "failureMessages": [],
          "fullName": "FullList tests should render a span instead of a ul",
          "location": null,
          "numPassingAsserts": 0,
          "status": "passed",
          "title": "should render a span instead of a ul"
        },
        {
          "ancestorTitles": [
            "FullList tests"
          ],
          "duration": 1,
          "failureMessages": [],
          "fullName": "FullList tests renders a list item",
          "location": null,
          "numPassingAsserts": 0,
          "status": "passed",
          "title": "renders a list item"
        },
        {
          "ancestorTitles": [
            "FullList tests"
          ],
          "duration": 1,
          "failureMessages": [],
          "fullName": "FullList tests renders correct text in item",
          "location": null,
          "numPassingAsserts": 0,
          "status": "passed",
          "title": "renders correct text in item"
        }
      ],
      "sourceMaps": {},
      "skipped": false,
      "leaks": false
    },
    {
      "console": [],
      "failureMessage": null,
      "numFailingTests": 0,
      "numPassingTests": 1,
      "numPendingTests": 0,
      "perfStats": {
        "end": 1553326994474,
        "start": 1553326992122
      },
      "snapshot": {
        "added": 0,
        "fileDeleted": false,
        "matched": 0,
        "unchecked": 0,
        "unmatched": 0,
        "updated": 0,
        "uncheckedKeys": []
      },
      "testFilePath": "/BAR/WORKSPACE/CODESPACE/REACT/REPO/session_12/testing-app/src/components/App/tests/App.test.js",
      "testResults": [
        {
          "ancestorTitles": [
            "App"
          ],
          "duration": 22,
          "failureMessages": [],
          "fullName": "App renders without crashing",
          "location": null,
          "numPassingAsserts": 0,
          "status": "passed",
          "title": "renders without crashing"
        }
      ],
      "sourceMaps": {},
      "skipped": false,
      "leaks": false
    }
  ],
  "wasInterrupted": false,
  "coverageMap": {
    "/BAR/WORKSPACE/CODESPACE/REACT/REPO/session_12/testing-app/src/setupTests.js": {
      "path": "/BAR/WORKSPACE/CODESPACE/REACT/REPO/session_12/testing-app/src/setupTests.js",
      "statementMap": {
        "0": {
          "start": {
            "line": 5,
            "column": 0
          },
          "end": {
            "line": 5,
            "column": 21
          }
        },
        "1": {
          "start": {
            "line": 7,
            "column": 0
          },
          "end": {
            "line": 7,
            "column": 38
          }
        }
      },
      "fnMap": {},
      "branchMap": {},
      "s": {
        "0": 8,
        "1": 8
      },
      "f": {},
      "b": {},
      "_coverageSchema": "332fd63041d2c1bcb487cc26dd0d5f7d97098a6c",
      "hash": "d3ca36151d698a6281231970c9c3d2674c1fc270"
    },
    "/BAR/WORKSPACE/CODESPACE/REACT/REPO/session_12/testing-app/src/components/MyComponent/index.js": {
      "path": "/BAR/WORKSPACE/CODESPACE/REACT/REPO/session_12/testing-app/src/components/MyComponent/index.js",
      "statementMap": {
        "0": {
          "start": {
            "line": 6,
            "column": 4
          },
          "end": {
            "line": 6,
            "column": 17
          }
        },
        "1": {
          "start": {
            "line": 7,
            "column": 4
          },
          "end": {
            "line": 7,
            "column": 31
          }
        },
        "2": {
          "start": {
            "line": 8,
            "column": 4
          },
          "end": {
            "line": 8,
            "column": 51
          }
        },
        "3": {
          "start": {
            "line": 12,
            "column": 4
          },
          "end": {
            "line": 14,
            "column": 7
          }
        },
        "4": {
          "start": {
            "line": 17,
            "column": 4
          },
          "end": {
            "line": 25,
            "column": 5
          }
        },
        "5": {
          "start": {
            "line": 22,
            "column": 32
          },
          "end": {
            "line": 22,
            "column": 55
          }
        },
        "6": {
          "start": {
            "line": 29,
            "column": 0
          },
          "end": {
            "line": 31,
            "column": 1
          }
        }
      },
      "fnMap": {
        "0": {
          "name": "(anonymous_0)",
          "decl": {
            "start": {
              "line": 5,
              "column": 2
            },
            "end": {
              "line": 5,
              "column": 3
            }
          },
          "loc": {
            "start": {
              "line": 5,
              "column": 21
            },
            "end": {
              "line": 9,
              "column": 3
            }
          },
          "line": 5
        },
        "1": {
          "name": "(anonymous_1)",
          "decl": {
            "start": {
              "line": 11,
              "column": 2
            },
            "end": {
              "line": 11,
              "column": 3
            }
          },
          "loc": {
            "start": {
              "line": 11,
              "column": 22
            },
            "end": {
              "line": 15,
              "column": 3
            }
          },
          "line": 11
        },
        "2": {
          "name": "(anonymous_2)",
          "decl": {
            "start": {
              "line": 16,
              "column": 2
            },
            "end": {
              "line": 16,
              "column": 3
            }
          },
          "loc": {
            "start": {
              "line": 16,
              "column": 11
            },
            "end": {
              "line": 26,
              "column": 3
            }
          },
          "line": 16
        },
        "3": {
          "name": "(anonymous_3)",
          "decl": {
            "start": {
              "line": 22,
              "column": 20
            },
            "end": {
              "line": 22,
              "column": 21
            }
          },
          "loc": {
            "start": {
              "line": 22,
              "column": 31
            },
            "end": {
              "line": 22,
              "column": 56
            }
          },
          "line": 22
        }
      },
      "branchMap": {},
      "s": {
        "0": 8,
        "1": 8,
        "2": 8,
        "3": 2,
        "4": 10,
        "5": 2,
        "6": 2
      },
      "f": {
        "0": 8,
        "1": 2,
        "2": 10,
        "3": 2
      },
      "b": {},
      "_coverageSchema": "332fd63041d2c1bcb487cc26dd0d5f7d97098a6c",
      "hash": "cad105d6c641ab0c3c964d7c835e789a72567b4d"
    },
    "/BAR/WORKSPACE/CODESPACE/REACT/REPO/session_12/testing-app/src/components/SimpleComponent/index.js": {
      "path": "/BAR/WORKSPACE/CODESPACE/REACT/REPO/session_12/testing-app/src/components/SimpleComponent/index.js",
      "statementMap": {
        "0": {
          "start": {
            "line": 5,
            "column": 4
          },
          "end": {
            "line": 5,
            "column": 17
          }
        },
        "1": {
          "start": {
            "line": 9,
            "column": 4
          },
          "end": {
            "line": 13,
            "column": 5
          }
        }
      },
      "fnMap": {
        "0": {
          "name": "(anonymous_0)",
          "decl": {
            "start": {
              "line": 4,
              "column": 2
            },
            "end": {
              "line": 4,
              "column": 3
            }
          },
          "loc": {
            "start": {
              "line": 4,
              "column": 21
            },
            "end": {
              "line": 6,
              "column": 3
            }
          },
          "line": 4
        },
        "1": {
          "name": "(anonymous_1)",
          "decl": {
            "start": {
              "line": 8,
              "column": 2
            },
            "end": {
              "line": 8,
              "column": 3
            }
          },
          "loc": {
            "start": {
              "line": 8,
              "column": 11
            },
            "end": {
              "line": 14,
              "column": 3
            }
          },
          "line": 8
        }
      },
      "branchMap": {},
      "s": {
        "0": 1,
        "1": 1
      },
      "f": {
        "0": 1,
        "1": 1
      },
      "b": {},
      "_coverageSchema": "332fd63041d2c1bcb487cc26dd0d5f7d97098a6c",
      "hash": "906d8a9f0546350d6c6a315b5fd95476d22bb866"
    },
    "/BAR/WORKSPACE/CODESPACE/REACT/REPO/session_12/testing-app/src/components/ListItem/index.jsx": {
      "path": "/BAR/WORKSPACE/CODESPACE/REACT/REPO/session_12/testing-app/src/components/ListItem/index.jsx",
      "statementMap": {
        "0": {
          "start": {
            "line": 5,
            "column": 19
          },
          "end": {
            "line": 5,
            "column": 24
          }
        },
        "1": {
          "start": {
            "line": 6,
            "column": 2
          },
          "end": {
            "line": 6,
            "column": 42
          }
        },
        "2": {
          "start": {
            "line": 9,
            "column": 0
          },
          "end": {
            "line": 9,
            "column": 34
          }
        },
        "3": {
          "start": {
            "line": 10,
            "column": 0
          },
          "end": {
            "line": 12,
            "column": 2
          }
        }
      },
      "fnMap": {
        "0": {
          "name": "ListItem",
          "decl": {
            "start": {
              "line": 4,
              "column": 9
            },
            "end": {
              "line": 4,
              "column": 17
            }
          },
          "loc": {
            "start": {
              "line": 4,
              "column": 25
            },
            "end": {
              "line": 7,
              "column": 1
            }
          },
          "line": 4
        }
      },
      "branchMap": {},
      "s": {
        "0": 10,
        "1": 10,
        "2": 2,
        "3": 2
      },
      "f": {
        "0": 10
      },
      "b": {},
      "_coverageSchema": "332fd63041d2c1bcb487cc26dd0d5f7d97098a6c",
      "hash": "653c67e9c3148814479e7a7665e462c6e058ca18"
    },
    "/BAR/WORKSPACE/CODESPACE/REACT/REPO/session_12/testing-app/src/components/List/index.jsx": {
      "path": "/BAR/WORKSPACE/CODESPACE/REACT/REPO/session_12/testing-app/src/components/List/index.jsx",
      "statementMap": {
        "0": {
          "start": {
            "line": 6,
            "column": 20
          },
          "end": {
            "line": 6,
            "column": 25
          }
        },
        "1": {
          "start": {
            "line": 7,
            "column": 2
          },
          "end": {
            "line": 9,
            "column": 3
          }
        },
        "2": {
          "start": {
            "line": 8,
            "column": 4
          },
          "end": {
            "line": 8,
            "column": 67
          }
        },
        "3": {
          "start": {
            "line": 11,
            "column": 2
          },
          "end": {
            "line": 15,
            "column": 4
          }
        },
        "4": {
          "start": {
            "line": 13,
            "column": 25
          },
          "end": {
            "line": 13,
            "column": 60
          }
        },
        "5": {
          "start": {
            "line": 18,
            "column": 0
          },
          "end": {
            "line": 20,
            "column": 2
          }
        },
        "6": {
          "start": {
            "line": 22,
            "column": 0
          },
          "end": {
            "line": 24,
            "column": 2
          }
        }
      },
      "fnMap": {
        "0": {
          "name": "List",
          "decl": {
            "start": {
              "line": 5,
              "column": 9
            },
            "end": {
              "line": 5,
              "column": 13
            }
          },
          "loc": {
            "start": {
              "line": 5,
              "column": 21
            },
            "end": {
              "line": 16,
              "column": 1
            }
          },
          "line": 5
        },
        "1": {
          "name": "(anonymous_1)",
          "decl": {
            "start": {
              "line": 13,
              "column": 17
            },
            "end": {
              "line": 13,
              "column": 18
            }
          },
          "loc": {
            "start": {
              "line": 13,
              "column": 25
            },
            "end": {
              "line": 13,
              "column": 60
            }
          },
          "line": 13
        }
      },
      "branchMap": {
        "0": {
          "loc": {
            "start": {
              "line": 7,
              "column": 2
            },
            "end": {
              "line": 9,
              "column": 3
            }
          },
          "type": "if",
          "locations": [
            {
              "start": {
                "line": 7,
                "column": 2
              },
              "end": {
                "line": 9,
                "column": 3
              }
            },
            {
              "start": {
                "line": 7,
                "column": 2
              },
              "end": {
                "line": 9,
                "column": 3
              }
            }
          ],
          "line": 7
        }
      },
      "s": {
        "0": 2,
        "1": 2,
        "2": 0,
        "3": 2,
        "4": 6,
        "5": 1,
        "6": 1
      },
      "f": {
        "0": 2,
        "1": 6
      },
      "b": {
        "0": [
          0,
          2
        ]
      },
      "_coverageSchema": "332fd63041d2c1bcb487cc26dd0d5f7d97098a6c",
      "hash": "143e178bb99f989e5794b46b828c64f254f55489"
    },
    "/BAR/WORKSPACE/CODESPACE/REACT/REPO/session_12/testing-app/src/components/Counter/index.jsx": {
      "path": "/BAR/WORKSPACE/CODESPACE/REACT/REPO/session_12/testing-app/src/components/Counter/index.jsx",
      "statementMap": {
        "0": {
          "start": {
            "line": 5,
            "column": 4
          },
          "end": {
            "line": 5,
            "column": 17
          }
        },
        "1": {
          "start": {
            "line": 6,
            "column": 4
          },
          "end": {
            "line": 8,
            "column": 6
          }
        },
        "2": {
          "start": {
            "line": 12,
            "column": 4
          },
          "end": {
            "line": 12,
            "column": 65
          }
        },
        "3": {
          "start": {
            "line": 12,
            "column": 34
          },
          "end": {
            "line": 12,
            "column": 62
          }
        },
        "4": {
          "start": {
            "line": 16,
            "column": 4
          },
          "end": {
            "line": 22,
            "column": 6
          }
        },
        "5": {
          "start": {
            "line": 25,
            "column": 0
          },
          "end": {
            "line": 25,
            "column": 32
          }
        },
        "6": {
          "start": {
            "line": 26,
            "column": 0
          },
          "end": {
            "line": 26,
            "column": 22
          }
        },
        "7": {
          "start": {
            "line": 27,
            "column": 0
          },
          "end": {
            "line": 27,
            "column": 25
          }
        }
      },
      "fnMap": {
        "0": {
          "name": "(anonymous_0)",
          "decl": {
            "start": {
              "line": 4,
              "column": 2
            },
            "end": {
              "line": 4,
              "column": 3
            }
          },
          "loc": {
            "start": {
              "line": 4,
              "column": 21
            },
            "end": {
              "line": 9,
              "column": 3
            }
          },
          "line": 4
        },
        "1": {
          "name": "(anonymous_1)",
          "decl": {
            "start": {
              "line": 11,
              "column": 14
            },
            "end": {
              "line": 11,
              "column": 15
            }
          },
          "loc": {
            "start": {
              "line": 11,
              "column": 20
            },
            "end": {
              "line": 13,
              "column": 3
            }
          },
          "line": 11
        },
        "2": {
          "name": "(anonymous_2)",
          "decl": {
            "start": {
              "line": 12,
              "column": 18
            },
            "end": {
              "line": 12,
              "column": 19
            }
          },
          "loc": {
            "start": {
              "line": 12,
              "column": 34
            },
            "end": {
              "line": 12,
              "column": 62
            }
          },
          "line": 12
        },
        "3": {
          "name": "(anonymous_3)",
          "decl": {
            "start": {
              "line": 15,
              "column": 2
            },
            "end": {
              "line": 15,
              "column": 3
            }
          },
          "loc": {
            "start": {
              "line": 15,
              "column": 11
            },
            "end": {
              "line": 23,
              "column": 3
            }
          },
          "line": 15
        }
      },
      "branchMap": {},
      "s": {
        "0": 6,
        "1": 6,
        "2": 2,
        "3": 2,
        "4": 8,
        "5": 2,
        "6": 2,
        "7": 2
      },
      "f": {
        "0": 6,
        "1": 2,
        "2": 2,
        "3": 8
      },
      "b": {},
      "_coverageSchema": "332fd63041d2c1bcb487cc26dd0d5f7d97098a6c",
      "hash": "fe4ba77347f3b751c696b401388e36e59619ffaf"
    },
    "/BAR/WORKSPACE/CODESPACE/REACT/REPO/session_12/testing-app/src/components/ApiComponent/index.js": {
      "path": "/BAR/WORKSPACE/CODESPACE/REACT/REPO/session_12/testing-app/src/components/ApiComponent/index.js",
      "statementMap": {
        "0": {
          "start": {
            "line": 8,
            "column": 4
          },
          "end": {
            "line": 8,
            "column": 17
          }
        },
        "1": {
          "start": {
            "line": 9,
            "column": 4
          },
          "end": {
            "line": 9,
            "column": 52
          }
        },
        "2": {
          "start": {
            "line": 10,
            "column": 4
          },
          "end": {
            "line": 10,
            "column": 51
          }
        },
        "3": {
          "start": {
            "line": 14,
            "column": 21
          },
          "end": {
            "line": 14,
            "column": 23
          }
        },
        "4": {
          "start": {
            "line": 15,
            "column": 4
          },
          "end": {
            "line": 20,
            "column": 5
          }
        },
        "5": {
          "start": {
            "line": 16,
            "column": 19
          },
          "end": {
            "line": 16,
            "column": 50
          }
        },
        "6": {
          "start": {
            "line": 17,
            "column": 6
          },
          "end": {
            "line": 17,
            "column": 31
          }
        },
        "7": {
          "start": {
            "line": 19,
            "column": 6
          },
          "end": {
            "line": 19,
            "column": 26
          }
        },
        "8": {
          "start": {
            "line": 21,
            "column": 4
          },
          "end": {
            "line": 21,
            "column": 28
          }
        },
        "9": {
          "start": {
            "line": 24,
            "column": 25
          },
          "end": {
            "line": 24,
            "column": 35
          }
        },
        "10": {
          "start": {
            "line": 25,
            "column": 4
          },
          "end": {
            "line": 31,
            "column": 5
          }
        },
        "11": {
          "start": {
            "line": 35,
            "column": 0
          },
          "end": {
            "line": 37,
            "column": 1
          }
        }
      },
      "fnMap": {
        "0": {
          "name": "(anonymous_0)",
          "decl": {
            "start": {
              "line": 7,
              "column": 2
            },
            "end": {
              "line": 7,
              "column": 3
            }
          },
          "loc": {
            "start": {
              "line": 7,
              "column": 21
            },
            "end": {
              "line": 11,
              "column": 3
            }
          },
          "line": 7
        },
        "1": {
          "name": "(anonymous_1)",
          "decl": {
            "start": {
              "line": 13,
              "column": 2
            },
            "end": {
              "line": 13,
              "column": 3
            }
          },
          "loc": {
            "start": {
              "line": 13,
              "column": 28
            },
            "end": {
              "line": 22,
              "column": 3
            }
          },
          "line": 13
        },
        "2": {
          "name": "(anonymous_2)",
          "decl": {
            "start": {
              "line": 23,
              "column": 2
            },
            "end": {
              "line": 23,
              "column": 3
            }
          },
          "loc": {
            "start": {
              "line": 23,
              "column": 11
            },
            "end": {
              "line": 32,
              "column": 3
            }
          },
          "line": 23
        }
      },
      "branchMap": {
        "0": {
          "loc": {
            "start": {
              "line": 29,
              "column": 10
            },
            "end": {
              "line": 29,
              "column": 57
            }
          },
          "type": "binary-expr",
          "locations": [
            {
              "start": {
                "line": 29,
                "column": 10
              },
              "end": {
                "line": 29,
                "column": 18
              }
            },
            {
              "start": {
                "line": 29,
                "column": 22
              },
              "end": {
                "line": 29,
                "column": 57
              }
            }
          ],
          "line": 29
        }
      },
      "s": {
        "0": 9,
        "1": 9,
        "2": 9,
        "3": 4,
        "4": 4,
        "5": 4,
        "6": 4,
        "7": 0,
        "8": 4,
        "9": 13,
        "10": 13,
        "11": 2
      },
      "f": {
        "0": 9,
        "1": 4,
        "2": 13
      },
      "b": {
        "0": [
          13,
          4
        ]
      },
      "_coverageSchema": "332fd63041d2c1bcb487cc26dd0d5f7d97098a6c",
      "hash": "2537030f7c37afd0a5522239e1f84583a6685be8"
    },
    "/BAR/WORKSPACE/CODESPACE/REACT/REPO/session_12/testing-app/src/modules/fetchRemote.js": {
      "path": "/BAR/WORKSPACE/CODESPACE/REACT/REPO/session_12/testing-app/src/modules/fetchRemote.js",
      "statementMap": {
        "0": {
          "start": {
            "line": 2,
            "column": 19
          },
          "end": {
            "line": 2,
            "column": 31
          }
        },
        "1": {
          "start": {
            "line": 2,
            "column": 28
          },
          "end": {
            "line": 2,
            "column": 31
          }
        },
        "2": {
          "start": {
            "line": 4,
            "column": 25
          },
          "end": {
            "line": 8,
            "column": 1
          }
        },
        "3": {
          "start": {
            "line": 5,
            "column": 15
          },
          "end": {
            "line": 5,
            "column": 31
          }
        },
        "4": {
          "start": {
            "line": 6,
            "column": 25
          },
          "end": {
            "line": 6,
            "column": 42
          }
        },
        "5": {
          "start": {
            "line": 7,
            "column": 2
          },
          "end": {
            "line": 7,
            "column": 24
          }
        }
      },
      "fnMap": {
        "0": {
          "name": "(anonymous_0)",
          "decl": {
            "start": {
              "line": 2,
              "column": 19
            },
            "end": {
              "line": 2,
              "column": 20
            }
          },
          "loc": {
            "start": {
              "line": 2,
              "column": 28
            },
            "end": {
              "line": 2,
              "column": 31
            }
          },
          "line": 2
        },
        "1": {
          "name": "(anonymous_1)",
          "decl": {
            "start": {
              "line": 4,
              "column": 25
            },
            "end": {
              "line": 4,
              "column": 26
            }
          },
          "loc": {
            "start": {
              "line": 4,
              "column": 39
            },
            "end": {
              "line": 8,
              "column": 1
            }
          },
          "line": 4
        }
      },
      "branchMap": {},
      "s": {
        "0": 2,
        "1": 0,
        "2": 2,
        "3": 0,
        "4": 0,
        "5": 0
      },
      "f": {
        "0": 0,
        "1": 0
      },
      "b": {},
      "_coverageSchema": "332fd63041d2c1bcb487cc26dd0d5f7d97098a6c",
      "hash": "9db99a27f450c595029736bc8d0e4afc1cec6206"
    },
    "/BAR/WORKSPACE/CODESPACE/REACT/REPO/session_12/testing-app/src/components/FullList/index.jsx": {
      "path": "/BAR/WORKSPACE/CODESPACE/REACT/REPO/session_12/testing-app/src/components/FullList/index.jsx",
      "statementMap": {
        "0": {
          "start": {
            "line": 5,
            "column": 20
          },
          "end": {
            "line": 5,
            "column": 25
          }
        },
        "1": {
          "start": {
            "line": 6,
            "column": 2
          },
          "end": {
            "line": 8,
            "column": 3
          }
        },
        "2": {
          "start": {
            "line": 7,
            "column": 4
          },
          "end": {
            "line": 7,
            "column": 67
          }
        },
        "3": {
          "start": {
            "line": 10,
            "column": 2
          },
          "end": {
            "line": 15,
            "column": 4
          }
        },
        "4": {
          "start": {
            "line": 13,
            "column": 8
          },
          "end": {
            "line": 13,
            "column": 51
          }
        },
        "5": {
          "start": {
            "line": 18,
            "column": 0
          },
          "end": {
            "line": 20,
            "column": 2
          }
        },
        "6": {
          "start": {
            "line": 22,
            "column": 0
          },
          "end": {
            "line": 24,
            "column": 2
          }
        }
      },
      "fnMap": {
        "0": {
          "name": "List",
          "decl": {
            "start": {
              "line": 4,
              "column": 9
            },
            "end": {
              "line": 4,
              "column": 13
            }
          },
          "loc": {
            "start": {
              "line": 4,
              "column": 21
            },
            "end": {
              "line": 16,
              "column": 1
            }
          },
          "line": 4
        },
        "1": {
          "name": "(anonymous_1)",
          "decl": {
            "start": {
              "line": 12,
              "column": 17
            },
            "end": {
              "line": 12,
              "column": 18
            }
          },
          "loc": {
            "start": {
              "line": 13,
              "column": 8
            },
            "end": {
              "line": 13,
              "column": 51
            }
          },
          "line": 13
        }
      },
      "branchMap": {
        "0": {
          "loc": {
            "start": {
              "line": 6,
              "column": 2
            },
            "end": {
              "line": 8,
              "column": 3
            }
          },
          "type": "if",
          "locations": [
            {
              "start": {
                "line": 6,
                "column": 2
              },
              "end": {
                "line": 8,
                "column": 3
              }
            },
            {
              "start": {
                "line": 6,
                "column": 2
              },
              "end": {
                "line": 8,
                "column": 3
              }
            }
          ],
          "line": 6
        },
        "1": {
          "loc": {
            "start": {
              "line": 6,
              "column": 6
            },
            "end": {
              "line": 6,
              "column": 33
            }
          },
          "type": "binary-expr",
          "locations": [
            {
              "start": {
                "line": 6,
                "column": 6
              },
              "end": {
                "line": 6,
                "column": 11
              }
            },
            {
              "start": {
                "line": 6,
                "column": 15
              },
              "end": {
                "line": 6,
                "column": 33
              }
            }
          ],
          "line": 6
        }
      },
      "s": {
        "0": 6,
        "1": 6,
        "2": 2,
        "3": 4,
        "4": 11,
        "5": 2,
        "6": 2
      },
      "f": {
        "0": 6,
        "1": 11
      },
      "b": {
        "0": [
          2,
          4
        ],
        "1": [
          6,
          6
        ]
      },
      "_coverageSchema": "332fd63041d2c1bcb487cc26dd0d5f7d97098a6c",
      "hash": "7cc4336904605a4f6c8ba8700e392b3b82928473"
    },
    "/BAR/WORKSPACE/CODESPACE/REACT/REPO/session_12/testing-app/src/components/App/index.js": {
      "path": "/BAR/WORKSPACE/CODESPACE/REACT/REPO/session_12/testing-app/src/components/App/index.js",
      "statementMap": {
        "0": {
          "start": {
            "line": 9,
            "column": 13
          },
          "end": {
            "line": 13,
            "column": 1
          }
        },
        "1": {
          "start": {
            "line": 17,
            "column": 4
          },
          "end": {
            "line": 27,
            "column": 6
          }
        }
      },
      "fnMap": {
        "0": {
          "name": "(anonymous_0)",
          "decl": {
            "start": {
              "line": 16,
              "column": 2
            },
            "end": {
              "line": 16,
              "column": 3
            }
          },
          "loc": {
            "start": {
              "line": 16,
              "column": 11
            },
            "end": {
              "line": 28,
              "column": 3
            }
          },
          "line": 16
        }
      },
      "branchMap": {},
      "s": {
        "0": 1,
        "1": 1
      },
      "f": {
        "0": 1
      },
      "b": {},
      "_coverageSchema": "332fd63041d2c1bcb487cc26dd0d5f7d97098a6c",
      "hash": "16f4952df32dd3499ad6bacdd97389c5ef17a266"
    },
    "/BAR/WORKSPACE/CODESPACE/REACT/REPO/session_12/testing-app/src/components/ApiForBeginners/index.jsx": {
      "path": "/BAR/WORKSPACE/CODESPACE/REACT/REPO/session_12/testing-app/src/components/ApiForBeginners/index.jsx",
      "statementMap": {
        "0": {
          "start": {
            "line": 4,
            "column": 4
          },
          "end": {
            "line": 4,
            "column": 17
          }
        },
        "1": {
          "start": {
            "line": 5,
            "column": 4
          },
          "end": {
            "line": 9,
            "column": 6
          }
        },
        "2": {
          "start": {
            "line": 13,
            "column": 4
          },
          "end": {
            "line": 13,
            "column": 35
          }
        },
        "3": {
          "start": {
            "line": 14,
            "column": 4
          },
          "end": {
            "line": 32,
            "column": 9
          }
        },
        "4": {
          "start": {
            "line": 15,
            "column": 19
          },
          "end": {
            "line": 15,
            "column": 29
          }
        },
        "5": {
          "start": {
            "line": 18,
            "column": 8
          },
          "end": {
            "line": 21,
            "column": 11
          }
        },
        "6": {
          "start": {
            "line": 24,
            "column": 8
          },
          "end": {
            "line": 27,
            "column": 11
          }
        },
        "7": {
          "start": {
            "line": 31,
            "column": 8
          },
          "end": {
            "line": 31,
            "column": 49
          }
        },
        "8": {
          "start": {
            "line": 36,
            "column": 37
          },
          "end": {
            "line": 36,
            "column": 47
          }
        },
        "9": {
          "start": {
            "line": 37,
            "column": 4
          },
          "end": {
            "line": 42,
            "column": 8
          }
        },
        "10": {
          "start": {
            "line": 38,
            "column": 6
          },
          "end": {
            "line": 42,
            "column": 8
          }
        }
      },
      "fnMap": {
        "0": {
          "name": "(anonymous_0)",
          "decl": {
            "start": {
              "line": 3,
              "column": 2
            },
            "end": {
              "line": 3,
              "column": 3
            }
          },
          "loc": {
            "start": {
              "line": 3,
              "column": 21
            },
            "end": {
              "line": 10,
              "column": 3
            }
          },
          "line": 3
        },
        "1": {
          "name": "(anonymous_1)",
          "decl": {
            "start": {
              "line": 12,
              "column": 16
            },
            "end": {
              "line": 12,
              "column": 17
            }
          },
          "loc": {
            "start": {
              "line": 12,
              "column": 22
            },
            "end": {
              "line": 33,
              "column": 3
            }
          },
          "line": 12
        },
        "2": {
          "name": "(anonymous_2)",
          "decl": {
            "start": {
              "line": 15,
              "column": 12
            },
            "end": {
              "line": 15,
              "column": 13
            }
          },
          "loc": {
            "start": {
              "line": 15,
              "column": 19
            },
            "end": {
              "line": 15,
              "column": 29
            }
          },
          "line": 15
        },
        "3": {
          "name": "(anonymous_3)",
          "decl": {
            "start": {
              "line": 17,
              "column": 6
            },
            "end": {
              "line": 17,
              "column": 7
            }
          },
          "loc": {
            "start": {
              "line": 17,
              "column": 18
            },
            "end": {
              "line": 22,
              "column": 7
            }
          },
          "line": 17
        },
        "4": {
          "name": "(anonymous_4)",
          "decl": {
            "start": {
              "line": 23,
              "column": 6
            },
            "end": {
              "line": 23,
              "column": 7
            }
          },
          "loc": {
            "start": {
              "line": 23,
              "column": 17
            },
            "end": {
              "line": 28,
              "column": 7
            }
          },
          "line": 23
        },
        "5": {
          "name": "(anonymous_5)",
          "decl": {
            "start": {
              "line": 30,
              "column": 14
            },
            "end": {
              "line": 30,
              "column": 15
            }
          },
          "loc": {
            "start": {
              "line": 30,
              "column": 19
            },
            "end": {
              "line": 32,
              "column": 7
            }
          },
          "line": 30
        },
        "6": {
          "name": "(anonymous_6)",
          "decl": {
            "start": {
              "line": 35,
              "column": 2
            },
            "end": {
              "line": 35,
              "column": 3
            }
          },
          "loc": {
            "start": {
              "line": 35,
              "column": 11
            },
            "end": {
              "line": 44,
              "column": 3
            }
          },
          "line": 35
        }
      },
      "branchMap": {
        "0": {
          "loc": {
            "start": {
              "line": 37,
              "column": 4
            },
            "end": {
              "line": 42,
              "column": 8
            }
          },
          "type": "if",
          "locations": [
            {
              "start": {
                "line": 37,
                "column": 4
              },
              "end": {
                "line": 42,
                "column": 8
              }
            },
            {
              "start": {
                "line": 37,
                "column": 4
              },
              "end": {
                "line": 42,
                "column": 8
              }
            }
          ],
          "line": 37
        }
      },
      "s": {
        "0": 1,
        "1": 1,
        "2": 0,
        "3": 0,
        "4": 0,
        "5": 0,
        "6": 0,
        "7": 0,
        "8": 1,
        "9": 1,
        "10": 1
      },
      "f": {
        "0": 1,
        "1": 0,
        "2": 0,
        "3": 0,
        "4": 0,
        "5": 0,
        "6": 1
      },
      "b": {
        "0": [
          1,
          0
        ]
      },
      "_coverageSchema": "332fd63041d2c1bcb487cc26dd0d5f7d97098a6c",
      "hash": "cfe154ede51aeaa9210fcda1ef78c445bd16acf3"
    },
    "/BAR/WORKSPACE/CODESPACE/REACT/REPO/session_12/testing-app/src/index.js": {
      "path": "/BAR/WORKSPACE/CODESPACE/REACT/REPO/session_12/testing-app/src/index.js",
      "statementMap": {
        "0": {
          "start": {
            "line": 1,
            "column": 0
          },
          "end": {
            "line": null,
            "column": -1
          }
        },
        "1": {
          "start": {
            "line": 2,
            "column": 0
          },
          "end": {
            "line": null,
            "column": -1
          }
        },
        "2": {
          "start": {
            "line": 3,
            "column": 0
          },
          "end": {
            "line": null,
            "column": -1
          }
        },
        "3": {
          "start": {
            "line": 4,
            "column": 0
          },
          "end": {
            "line": null,
            "column": -1
          }
        },
        "4": {
          "start": {
            "line": 5,
            "column": 0
          },
          "end": {
            "line": null,
            "column": -1
          }
        },
        "5": {
          "start": {
            "line": 12,
            "column": 0
          },
          "end": {
            "line": null,
            "column": -1
          }
        }
      },
      "fnMap": {},
      "branchMap": {},
      "s": {
        "0": 0,
        "1": 0,
        "2": 0,
        "3": 0,
        "4": 0,
        "5": 0
      },
      "f": {},
      "b": {}
    },
    "/BAR/WORKSPACE/CODESPACE/REACT/REPO/session_12/testing-app/src/serviceWorker.js": {
      "path": "/BAR/WORKSPACE/CODESPACE/REACT/REPO/session_12/testing-app/src/serviceWorker.js",
      "statementMap": {
        "0": {
          "start": {
            "line": 13,
            "column": 20
          },
          "end": {
            "line": 13,
            "column": 0
          }
        },
        "1": {
          "start": {
            "line": 24,
            "column": 2
          },
          "end": {
            "line": 54,
            "column": 3
          }
        },
        "2": {
          "start": {
            "line": 26,
            "column": 22
          },
          "end": {
            "line": 26,
            "column": 4
          }
        },
        "3": {
          "start": {
            "line": 27,
            "column": 4
          },
          "end": {
            "line": 32,
            "column": 5
          }
        },
        "4": {
          "start": {
            "line": 31,
            "column": 6
          },
          "end": {
            "line": null,
            "column": -1
          }
        },
        "5": {
          "start": {
            "line": 34,
            "column": 4
          },
          "end": {
            "line": null,
            "column": -1
          }
        },
        "6": {
          "start": {
            "line": 35,
            "column": 21
          },
          "end": {
            "line": 35,
            "column": 6
          }
        },
        "7": {
          "start": {
            "line": 37,
            "column": 6
          },
          "end": {
            "line": 52,
            "column": 7
          }
        },
        "8": {
          "start": {
            "line": 39,
            "column": 8
          },
          "end": {
            "line": 37,
            "column": 23
          }
        },
        "9": {
          "start": {
            "line": 43,
            "column": 8
          },
          "end": {
            "line": null,
            "column": -1
          }
        },
        "10": {
          "start": {
            "line": 44,
            "column": 10
          },
          "end": {
            "line": null,
            "column": -1
          }
        },
        "11": {
          "start": {
            "line": 51,
            "column": 8
          },
          "end": {
            "line": null,
            "column": -1
          }
        },
        "12": {
          "start": {
            "line": 58,
            "column": 2
          },
          "end": {
            "line": null,
            "column": -1
          }
        },
        "13": {
          "start": {
            "line": 61,
            "column": 6
          },
          "end": {
            "line": null,
            "column": -1
          }
        },
        "14": {
          "start": {
            "line": 62,
            "column": 33
          },
          "end": {
            "line": 62,
            "column": 8
          }
        },
        "15": {
          "start": {
            "line": 63,
            "column": 8
          },
          "end": {
            "line": 65,
            "column": 9
          }
        },
        "16": {
          "start": {
            "line": 64,
            "column": 10
          },
          "end": {
            "line": null,
            "column": -1
          }
        },
        "17": {
          "start": {
            "line": 66,
            "column": 8
          },
          "end": {
            "line": null,
            "column": -1
          }
        },
        "18": {
          "start": {
            "line": 67,
            "column": 10
          },
          "end": {
            "line": 92,
            "column": 11
          }
        },
        "19": {
          "start": {
            "line": 68,
            "column": 12
          },
          "end": {
            "line": 91,
            "column": 13
          }
        },
        "20": {
          "start": {
            "line": 72,
            "column": 14
          },
          "end": {
            "line": 68,
            "column": 52
          }
        },
        "21": {
          "start": {
            "line": 78,
            "column": 14
          },
          "end": {
            "line": 80,
            "column": 15
          }
        },
        "22": {
          "start": {
            "line": 79,
            "column": 16
          },
          "end": {
            "line": null,
            "column": -1
          }
        },
        "23": {
          "start": {
            "line": 85,
            "column": 14
          },
          "end": {
            "line": 81,
            "column": 19
          }
        },
        "24": {
          "start": {
            "line": 88,
            "column": 14
          },
          "end": {
            "line": 90,
            "column": 15
          }
        },
        "25": {
          "start": {
            "line": 89,
            "column": 16
          },
          "end": {
            "line": null,
            "column": -1
          }
        },
        "26": {
          "start": {
            "line": 97,
            "column": 6
          },
          "end": {
            "line": null,
            "column": -1
          }
        },
        "27": {
          "start": {
            "line": 103,
            "column": 2
          },
          "end": {
            "line": null,
            "column": -1
          }
        },
        "28": {
          "start": {
            "line": 106,
            "column": 26
          },
          "end": {
            "line": 106,
            "column": 6
          }
        },
        "29": {
          "start": {
            "line": 107,
            "column": 6
          },
          "end": {
            "line": 120,
            "column": 7
          }
        },
        "30": {
          "start": {
            "line": 112,
            "column": 8
          },
          "end": {
            "line": null,
            "column": -1
          }
        },
        "31": {
          "start": {
            "line": 113,
            "column": 10
          },
          "end": {
            "line": null,
            "column": -1
          }
        },
        "32": {
          "start": {
            "line": 114,
            "column": 12
          },
          "end": {
            "line": null,
            "column": -1
          }
        },
        "33": {
          "start": {
            "line": 119,
            "column": 8
          },
          "end": {
            "line": null,
            "column": -1
          }
        },
        "34": {
          "start": {
            "line": 123,
            "column": 6
          },
          "end": {
            "line": null,
            "column": -1
          }
        },
        "35": {
          "start": {
            "line": 130,
            "column": 2
          },
          "end": {
            "line": 134,
            "column": 3
          }
        },
        "36": {
          "start": {
            "line": 131,
            "column": 4
          },
          "end": {
            "line": null,
            "column": -1
          }
        },
        "37": {
          "start": {
            "line": 132,
            "column": 6
          },
          "end": {
            "line": null,
            "column": -1
          }
        }
      },
      "fnMap": {
        "0": {
          "name": "register",
          "decl": {
            "start": {
              "line": 23,
              "column": 16
            },
            "end": {
              "line": 23,
              "column": 7
            }
          },
          "loc": {
            "start": {
              "line": 23,
              "column": 33
            },
            "end": {
              "line": 55,
              "column": 1
            }
          }
        },
        "1": {
          "name": "(anonymous_1)",
          "decl": {
            "start": {
              "line": 34,
              "column": 36
            },
            "end": {
              "line": 34,
              "column": 41
            }
          },
          "loc": {
            "start": {
              "line": 34,
              "column": 42
            },
            "end": {
              "line": 34,
              "column": 4
            }
          }
        },
        "2": {
          "name": "(anonymous_2)",
          "decl": {
            "start": {
              "line": 43,
              "column": 43
            },
            "end": {
              "line": 43,
              "column": 48
            }
          },
          "loc": {
            "start": {
              "line": 43,
              "column": 49
            },
            "end": {
              "line": 43,
              "column": 8
            }
          }
        },
        "3": {
          "name": "registerValidSW",
          "decl": {
            "start": {
              "line": 57,
              "column": 9
            },
            "end": {
              "line": 57,
              "column": 0
            }
          },
          "loc": {
            "start": {
              "line": 57,
              "column": 40
            },
            "end": {
              "line": 99,
              "column": 1
            }
          }
        },
        "4": {
          "name": "(anonymous_4)",
          "decl": {
            "start": {
              "line": 60,
              "column": 10
            },
            "end": {
              "line": 60,
              "column": 21
            }
          },
          "loc": {
            "start": {
              "line": 60,
              "column": 26
            },
            "end": {
              "line": 58,
              "column": 2
            }
          }
        },
        "5": {
          "name": "(anonymous_5)",
          "decl": {
            "start": {
              "line": 61,
              "column": 35
            },
            "end": {
              "line": 61,
              "column": 40
            }
          },
          "loc": {
            "start": {
              "line": 61,
              "column": 41
            },
            "end": {
              "line": 61,
              "column": 6
            }
          }
        },
        "6": {
          "name": "(anonymous_6)",
          "decl": {
            "start": {
              "line": 66,
              "column": 41
            },
            "end": {
              "line": 66,
              "column": 46
            }
          },
          "loc": {
            "start": {
              "line": 66,
              "column": 47
            },
            "end": {
              "line": 66,
              "column": 8
            }
          }
        },
        "7": {
          "name": "(anonymous_7)",
          "decl": {
            "start": {
              "line": 96,
              "column": 11
            },
            "end": {
              "line": 96,
              "column": 15
            }
          },
          "loc": {
            "start": {
              "line": 96,
              "column": 20
            },
            "end": {
              "line": 58,
              "column": 2
            }
          }
        },
        "8": {
          "name": "checkValidServiceWorker",
          "decl": {
            "start": {
              "line": 101,
              "column": 9
            },
            "end": {
              "line": 101,
              "column": 0
            }
          },
          "loc": {
            "start": {
              "line": 101,
              "column": 48
            },
            "end": {
              "line": 127,
              "column": 1
            }
          }
        },
        "9": {
          "name": "(anonymous_9)",
          "decl": {
            "start": {
              "line": 104,
              "column": 10
            },
            "end": {
              "line": 104,
              "column": 17
            }
          },
          "loc": {
            "start": {
              "line": 104,
              "column": 22
            },
            "end": {
              "line": 103,
              "column": 2
            }
          }
        },
        "10": {
          "name": "(anonymous_10)",
          "decl": {
            "start": {
              "line": 112,
              "column": 43
            },
            "end": {
              "line": 112,
              "column": 54
            }
          },
          "loc": {
            "start": {
              "line": 112,
              "column": 59
            },
            "end": {
              "line": 112,
              "column": 8
            }
          }
        },
        "11": {
          "name": "(anonymous_11)",
          "decl": {
            "start": {
              "line": 113,
              "column": 41
            },
            "end": {
              "line": 113,
              "column": 46
            }
          },
          "loc": {
            "start": {
              "line": 113,
              "column": 47
            },
            "end": {
              "line": 113,
              "column": 10
            }
          }
        },
        "12": {
          "name": "(anonymous_12)",
          "decl": {
            "start": {
              "line": 122,
              "column": 11
            },
            "end": {
              "line": 122,
              "column": 16
            }
          },
          "loc": {
            "start": {
              "line": 122,
              "column": 17
            },
            "end": {
              "line": 103,
              "column": 2
            }
          }
        },
        "13": {
          "name": "unregister",
          "decl": {
            "start": {
              "line": 129,
              "column": 16
            },
            "end": {
              "line": 129,
              "column": 7
            }
          },
          "loc": {
            "start": {
              "line": 129,
              "column": 29
            },
            "end": {
              "line": 135,
              "column": 1
            }
          }
        },
        "14": {
          "name": "(anonymous_14)",
          "decl": {
            "start": {
              "line": 131,
              "column": 39
            },
            "end": {
              "line": 131,
              "column": 50
            }
          },
          "loc": {
            "start": {
              "line": 131,
              "column": 55
            },
            "end": {
              "line": 131,
              "column": 4
            }
          }
        }
      },
      "branchMap": {
        "0": {
          "loc": {
            "start": {
              "line": 14,
              "column": 2
            },
            "end": {
              "line": 14,
              "column": 1
            }
          },
          "type": "binary-expr",
          "locations": [
            {
              "start": {
                "line": 14,
                "column": 2
              },
              "end": {
                "line": 14,
                "column": 1
              }
            },
            {
              "start": {
                "line": 16,
                "column": 4
              },
              "end": {
                "line": 14,
                "column": 2
              }
            },
            {
              "start": {
                "line": 18,
                "column": 4
              },
              "end": {
                "line": 13,
                "column": 27
              }
            }
          ]
        },
        "1": {
          "loc": {
            "start": {
              "line": 24,
              "column": 2
            },
            "end": {
              "line": 54,
              "column": 3
            }
          },
          "type": "if",
          "locations": [
            {
              "start": {
                "line": 24,
                "column": 2
              },
              "end": {
                "line": 54,
                "column": 3
              }
            },
            {
              "start": {
                "line": 24,
                "column": 2
              },
              "end": {
                "line": 54,
                "column": 3
              }
            }
          ]
        },
        "2": {
          "loc": {
            "start": {
              "line": 24,
              "column": 6
            },
            "end": {
              "line": 24,
              "column": 5
            }
          },
          "type": "binary-expr",
          "locations": [
            {
              "start": {
                "line": 24,
                "column": 6
              },
              "end": {
                "line": 24,
                "column": 5
              }
            },
            {
              "start": {
                "line": 24,
                "column": 47
              },
              "end": {
                "line": 24,
                "column": 2
              }
            }
          ]
        },
        "3": {
          "loc": {
            "start": {
              "line": 27,
              "column": 4
            },
            "end": {
              "line": 32,
              "column": 5
            }
          },
          "type": "if",
          "locations": [
            {
              "start": {
                "line": 27,
                "column": 4
              },
              "end": {
                "line": 32,
                "column": 5
              }
            },
            {
              "start": {
                "line": 27,
                "column": 4
              },
              "end": {
                "line": 32,
                "column": 5
              }
            }
          ]
        },
        "4": {
          "loc": {
            "start": {
              "line": 37,
              "column": 6
            },
            "end": {
              "line": 52,
              "column": 7
            }
          },
          "type": "if",
          "locations": [
            {
              "start": {
                "line": 37,
                "column": 6
              },
              "end": {
                "line": 52,
                "column": 7
              }
            },
            {
              "start": {
                "line": 37,
                "column": 6
              },
              "end": {
                "line": 52,
                "column": 7
              }
            }
          ]
        },
        "5": {
          "loc": {
            "start": {
              "line": 63,
              "column": 8
            },
            "end": {
              "line": 65,
              "column": 9
            }
          },
          "type": "if",
          "locations": [
            {
              "start": {
                "line": 63,
                "column": 8
              },
              "end": {
                "line": 65,
                "column": 9
              }
            },
            {
              "start": {
                "line": 63,
                "column": 8
              },
              "end": {
                "line": 65,
                "column": 9
              }
            }
          ]
        },
        "6": {
          "loc": {
            "start": {
              "line": 67,
              "column": 10
            },
            "end": {
              "line": 92,
              "column": 11
            }
          },
          "type": "if",
          "locations": [
            {
              "start": {
                "line": 67,
                "column": 10
              },
              "end": {
                "line": 92,
                "column": 11
              }
            },
            {
              "start": {
                "line": 67,
                "column": 10
              },
              "end": {
                "line": 92,
                "column": 11
              }
            }
          ]
        },
        "7": {
          "loc": {
            "start": {
              "line": 68,
              "column": 12
            },
            "end": {
              "line": 91,
              "column": 13
            }
          },
          "type": "if",
          "locations": [
            {
              "start": {
                "line": 68,
                "column": 12
              },
              "end": {
                "line": 91,
                "column": 13
              }
            },
            {
              "start": {
                "line": 68,
                "column": 12
              },
              "end": {
                "line": 91,
                "column": 13
              }
            }
          ]
        },
        "8": {
          "loc": {
            "start": {
              "line": 78,
              "column": 14
            },
            "end": {
              "line": 80,
              "column": 15
            }
          },
          "type": "if",
          "locations": [
            {
              "start": {
                "line": 78,
                "column": 14
              },
              "end": {
                "line": 80,
                "column": 15
              }
            },
            {
              "start": {
                "line": 78,
                "column": 14
              },
              "end": {
                "line": 80,
                "column": 15
              }
            }
          ]
        },
        "9": {
          "loc": {
            "start": {
              "line": 78,
              "column": 18
            },
            "end": {
              "line": 78,
              "column": 24
            }
          },
          "type": "binary-expr",
          "locations": [
            {
              "start": {
                "line": 78,
                "column": 18
              },
              "end": {
                "line": 78,
                "column": 24
              }
            },
            {
              "start": {
                "line": 78,
                "column": 28
              },
              "end": {
                "line": 78,
                "column": 14
              }
            }
          ]
        },
        "10": {
          "loc": {
            "start": {
              "line": 88,
              "column": 14
            },
            "end": {
              "line": 90,
              "column": 15
            }
          },
          "type": "if",
          "locations": [
            {
              "start": {
                "line": 88,
                "column": 14
              },
              "end": {
                "line": 90,
                "column": 15
              }
            },
            {
              "start": {
                "line": 88,
                "column": 14
              },
              "end": {
                "line": 90,
                "column": 15
              }
            }
          ]
        },
        "11": {
          "loc": {
            "start": {
              "line": 88,
              "column": 18
            },
            "end": {
              "line": 88,
              "column": 24
            }
          },
          "type": "binary-expr",
          "locations": [
            {
              "start": {
                "line": 88,
                "column": 18
              },
              "end": {
                "line": 88,
                "column": 24
              }
            },
            {
              "start": {
                "line": 88,
                "column": 28
              },
              "end": {
                "line": 88,
                "column": 14
              }
            }
          ]
        },
        "12": {
          "loc": {
            "start": {
              "line": 107,
              "column": 6
            },
            "end": {
              "line": 120,
              "column": 7
            }
          },
          "type": "if",
          "locations": [
            {
              "start": {
                "line": 107,
                "column": 6
              },
              "end": {
                "line": 120,
                "column": 7
              }
            },
            {
              "start": {
                "line": 107,
                "column": 6
              },
              "end": {
                "line": 120,
                "column": 7
              }
            }
          ]
        },
        "13": {
          "loc": {
            "start": {
              "line": 108,
              "column": 8
            },
            "end": {
              "line": 108,
              "column": 7
            }
          },
          "type": "binary-expr",
          "locations": [
            {
              "start": {
                "line": 108,
                "column": 8
              },
              "end": {
                "line": 108,
                "column": 7
              }
            },
            {
              "start": {
                "line": 109,
                "column": 9
              },
              "end": {
                "line": 109,
                "column": 8
              }
            },
            {
              "start": {
                "line": 109,
                "column": 32
              },
              "end": {
                "line": 107,
                "column": 6
              }
            }
          ]
        },
        "14": {
          "loc": {
            "start": {
              "line": 130,
              "column": 2
            },
            "end": {
              "line": 134,
              "column": 3
            }
          },
          "type": "if",
          "locations": [
            {
              "start": {
                "line": 130,
                "column": 2
              },
              "end": {
                "line": 134,
                "column": 3
              }
            },
            {
              "start": {
                "line": 130,
                "column": 2
              },
              "end": {
                "line": 134,
                "column": 3
              }
            }
          ]
        }
      },
      "s": {
        "0": 0,
        "1": 0,
        "2": 0,
        "3": 0,
        "4": 0,
        "5": 0,
        "6": 0,
        "7": 0,
        "8": 0,
        "9": 0,
        "10": 0,
        "11": 0,
        "12": 0,
        "13": 0,
        "14": 0,
        "15": 0,
        "16": 0,
        "17": 0,
        "18": 0,
        "19": 0,
        "20": 0,
        "21": 0,
        "22": 0,
        "23": 0,
        "24": 0,
        "25": 0,
        "26": 0,
        "27": 0,
        "28": 0,
        "29": 0,
        "30": 0,
        "31": 0,
        "32": 0,
        "33": 0,
        "34": 0,
        "35": 0,
        "36": 0,
        "37": 0
      },
      "f": {
        "0": 0,
        "1": 0,
        "2": 0,
        "3": 0,
        "4": 0,
        "5": 0,
        "6": 0,
        "7": 0,
        "8": 0,
        "9": 0,
        "10": 0,
        "11": 0,
        "12": 0,
        "13": 0,
        "14": 0
      },
      "b": {
        "0": [
          0,
          0,
          0
        ],
        "1": [
          0,
          0
        ],
        "2": [
          0,
          0
        ],
        "3": [
          0,
          0
        ],
        "4": [
          0,
          0
        ],
        "5": [
          0,
          0
        ],
        "6": [
          0,
          0
        ],
        "7": [
          0,
          0
        ],
        "8": [
          0,
          0
        ],
        "9": [
          0,
          0
        ],
        "10": [
          0,
          0
        ],
        "11": [
          0,
          0
        ],
        "12": [
          0,
          0
        ],
        "13": [
          0,
          0,
          0
        ],
        "14": [
          0,
          0
        ]
      }
    }
  }
}